<?xml version="1.0" encoding="UTF-8"?>
<testng-results ignored="0" total="9" passed="8" failed="1" skipped="0">
  <reporter-output>
  </reporter-output>
  <suite started-at="2025-07-13T11:21:09 IST" name="Suite" finished-at="2025-07-13T11:21:56 IST" duration-ms="47613">
    <groups>
    </groups>
    <test started-at="2025-07-13T11:21:09 IST" name="Test" finished-at="2025-07-13T11:21:56 IST" duration-ms="47613">
      <class name="com.test.Title_Validation">
        <test-method is-config="true" signature="Setup()[pri:0, instance:com.test.Title_Validation@22f31dec]" started-at="2025-07-13T11:21:48 IST" name="Setup" finished-at="2025-07-13T11:21:53 IST" duration-ms="5253" status="PASS">
          <reporter-output>
          </reporter-output>
        </test-method> <!-- Setup -->
        <test-method signature="add()[pri:0, instance:com.test.Title_Validation@22f31dec]" started-at="2025-07-13T11:21:53 IST" name="add" finished-at="2025-07-13T11:21:54 IST" duration-ms="768" status="FAIL">
          <exception class="java.lang.AssertionError">
            <message>
              <![CDATA[expected [ram] but found [JavaByKiran | Dashboard]]]>
            </message>
            <full-stacktrace>
              <![CDATA[java.lang.AssertionError: expected [ram] but found [JavaByKiran | Dashboard]
at org.testng.Assert.fail(Assert.java:99)
at org.testng.Assert.failNotEquals(Assert.java:1037)
at org.testng.Assert.assertEqualsImpl(Assert.java:140)
at org.testng.Assert.assertEquals(Assert.java:122)
at org.testng.Assert.assertEquals(Assert.java:629)
at org.testng.Assert.assertEquals(Assert.java:639)
at com.test.Title_Validation.add(Title_Validation.java:14)
at java.base/jdk.internal.reflect.NativeMethodAccessorImpl.invoke0(Native Method)
at java.base/jdk.internal.reflect.NativeMethodAccessorImpl.invoke(NativeMethodAccessorImpl.java:77)
at java.base/jdk.internal.reflect.DelegatingMethodAccessorImpl.invoke(DelegatingMethodAccessorImpl.java:43)
at java.base/java.lang.reflect.Method.invoke(Method.java:569)
at org.testng.internal.MethodInvocationHelper.invokeMethod(MethodInvocationHelper.java:133)
at org.testng.internal.TestInvoker.invokeMethod(TestInvoker.java:598)
at org.testng.internal.TestInvoker.invokeTestMethod(TestInvoker.java:173)
at org.testng.internal.MethodRunner.runInSequence(MethodRunner.java:46)
at org.testng.internal.TestInvoker$MethodInvocationAgent.invoke(TestInvoker.java:824)
at org.testng.internal.TestInvoker.invokeTestMethods(TestInvoker.java:146)
at org.testng.internal.TestMethodWorker.invokeTestMethods(TestMethodWorker.java:146)
at org.testng.internal.TestMethodWorker.run(TestMethodWorker.java:128)
at java.base/java.util.ArrayList.forEach(ArrayList.java:1511)
at org.testng.TestRunner.privateRun(TestRunner.java:794)
at org.testng.TestRunner.run(TestRunner.java:596)
at org.testng.SuiteRunner.runTest(SuiteRunner.java:377)
at org.testng.SuiteRunner.runSequentially(SuiteRunner.java:371)
at org.testng.SuiteRunner.privateRun(SuiteRunner.java:332)
at org.testng.SuiteRunner.run(SuiteRunner.java:276)
at org.testng.SuiteRunnerWorker.runSuite(SuiteRunnerWorker.java:53)
at org.testng.SuiteRunnerWorker.run(SuiteRunnerWorker.java:96)
at org.testng.TestNG.runSuitesSequentially(TestNG.java:1212)
at org.testng.TestNG.runSuitesLocally(TestNG.java:1134)
at org.testng.TestNG.runSuites(TestNG.java:1063)
at org.testng.TestNG.run(TestNG.java:1031)
at org.testng.remote.AbstractRemoteTestNG.run(AbstractRemoteTestNG.java:115)
at org.testng.remote.RemoteTestNG.initAndRun(RemoteTestNG.java:293)
at org.testng.remote.RemoteTestNG.main(RemoteTestNG.java:91)
]]>
            </full-stacktrace>
          </exception> <!-- java.lang.AssertionError -->
          <reporter-output>
          </reporter-output>
        </test-method> <!-- add -->
        <test-method is-config="true" signature="after()[pri:0, instance:com.test.Title_Validation@22f31dec]" started-at="2025-07-13T11:21:56 IST" name="after" finished-at="2025-07-13T11:21:56 IST" duration-ms="87" status="PASS">
          <reporter-output>
          </reporter-output>
        </test-method> <!-- after -->
      </class> <!-- com.test.Title_Validation -->
      <class name="com.test.TC_Login_001">
        <test-method is-config="true" signature="Setup()[pri:0, instance:com.test.TC_Login_001@1046d517]" started-at="2025-07-13T11:21:10 IST" name="Setup" finished-at="2025-07-13T11:21:16 IST" duration-ms="5663" status="PASS">
          <reporter-output>
          </reporter-output>
        </test-method> <!-- Setup -->
        <test-method signature="login(java.lang.String,java.lang.String)[pri:0, instance:com.test.TC_Login_001@1046d517]" started-at="2025-07-13T11:21:16 IST" name="login" data-provider="td" finished-at="2025-07-13T11:21:16 IST" duration-ms="214" status="PASS">
          <params>
            <param index="0">
              <value>
                <![CDATA[username]]>
              </value>
            </param>
            <param index="1">
              <value>
                <![CDATA[password]]>
              </value>
            </param>
          </params>
          <reporter-output>
          </reporter-output>
        </test-method> <!-- login -->
        <test-method is-config="true" signature="after()[pri:0, instance:com.test.TC_Login_001@1046d517]" started-at="2025-07-13T11:21:16 IST" name="after" finished-at="2025-07-13T11:21:16 IST" duration-ms="109" status="PASS">
          <reporter-output>
          </reporter-output>
        </test-method> <!-- after -->
        <test-method is-config="true" signature="Setup()[pri:0, instance:com.test.TC_Login_001@1046d517]" started-at="2025-07-13T11:21:16 IST" name="Setup" finished-at="2025-07-13T11:21:20 IST" duration-ms="3831" status="PASS">
          <reporter-output>
          </reporter-output>
        </test-method> <!-- Setup -->
        <test-method signature="login(java.lang.String,java.lang.String)[pri:0, instance:com.test.TC_Login_001@1046d517]" started-at="2025-07-13T11:21:20 IST" name="login" data-provider="td" finished-at="2025-07-13T11:21:20 IST" duration-ms="269" status="PASS">
          <params>
            <param index="0">
              <value>
                <![CDATA[kiran@gmail.com]]>
              </value>
            </param>
            <param index="1">
              <value>
                <![CDATA[123456]]>
              </value>
            </param>
          </params>
          <reporter-output>
          </reporter-output>
        </test-method> <!-- login -->
        <test-method is-config="true" signature="after()[pri:0, instance:com.test.TC_Login_001@1046d517]" started-at="2025-07-13T11:21:20 IST" name="after" finished-at="2025-07-13T11:21:20 IST" duration-ms="71" status="PASS">
          <reporter-output>
          </reporter-output>
        </test-method> <!-- after -->
        <test-method is-config="true" signature="Setup()[pri:0, instance:com.test.TC_Login_001@1046d517]" started-at="2025-07-13T11:21:20 IST" name="Setup" finished-at="2025-07-13T11:21:25 IST" duration-ms="4469" status="PASS">
          <reporter-output>
          </reporter-output>
        </test-method> <!-- Setup -->
        <test-method signature="login(java.lang.String,java.lang.String)[pri:0, instance:com.test.TC_Login_001@1046d517]" started-at="2025-07-13T11:21:25 IST" name="login" data-provider="td" finished-at="2025-07-13T11:21:25 IST" duration-ms="161" status="PASS">
          <params>
            <param index="0">
              <value>
                <![CDATA[12345]]>
              </value>
            </param>
            <param index="1">
              <value>
                <![CDATA[23456]]>
              </value>
            </param>
          </params>
          <reporter-output>
          </reporter-output>
        </test-method> <!-- login -->
        <test-method is-config="true" signature="after()[pri:0, instance:com.test.TC_Login_001@1046d517]" started-at="2025-07-13T11:21:25 IST" name="after" finished-at="2025-07-13T11:21:25 IST" duration-ms="72" status="PASS">
          <reporter-output>
          </reporter-output>
        </test-method> <!-- after -->
        <test-method is-config="true" signature="Setup()[pri:0, instance:com.test.TC_Login_001@1046d517]" started-at="2025-07-13T11:21:25 IST" name="Setup" finished-at="2025-07-13T11:21:29 IST" duration-ms="3465" status="PASS">
          <reporter-output>
          </reporter-output>
        </test-method> <!-- Setup -->
        <test-method signature="login(java.lang.String,java.lang.String)[pri:0, instance:com.test.TC_Login_001@1046d517]" started-at="2025-07-13T11:21:29 IST" name="login" data-provider="td" finished-at="2025-07-13T11:21:30 IST" duration-ms="1401" status="PASS">
          <params>
            <param index="0">
              <value>
                <![CDATA[amit1234]]>
              </value>
            </param>
            <param index="1">
              <value>
                <![CDATA[amit091]]>
              </value>
            </param>
          </params>
          <reporter-output>
          </reporter-output>
        </test-method> <!-- login -->
        <test-method is-config="true" signature="after()[pri:0, instance:com.test.TC_Login_001@1046d517]" started-at="2025-07-13T11:21:30 IST" name="after" finished-at="2025-07-13T11:21:30 IST" duration-ms="72" status="PASS">
          <reporter-output>
          </reporter-output>
        </test-method> <!-- after -->
        <test-method is-config="true" signature="Setup()[pri:0, instance:com.test.TC_Login_001@1046d517]" started-at="2025-07-13T11:21:30 IST" name="Setup" finished-at="2025-07-13T11:21:34 IST" duration-ms="3582" status="PASS">
          <reporter-output>
          </reporter-output>
        </test-method> <!-- Setup -->
        <test-method signature="login(java.lang.String,java.lang.String)[pri:0, instance:com.test.TC_Login_001@1046d517]" started-at="2025-07-13T11:21:34 IST" name="login" data-provider="td" finished-at="2025-07-13T11:21:34 IST" duration-ms="139" status="PASS">
          <params>
            <param index="0">
              <value>
                <![CDATA[aniketgmail.com]]>
              </value>
            </param>
            <param index="1">
              <value>
                <![CDATA[1234@amit]]>
              </value>
            </param>
          </params>
          <reporter-output>
          </reporter-output>
        </test-method> <!-- login -->
        <test-method is-config="true" signature="after()[pri:0, instance:com.test.TC_Login_001@1046d517]" started-at="2025-07-13T11:21:34 IST" name="after" finished-at="2025-07-13T11:21:34 IST" duration-ms="79" status="PASS">
          <reporter-output>
          </reporter-output>
        </test-method> <!-- after -->
        <test-method is-config="true" signature="Setup()[pri:0, instance:com.test.TC_Login_001@1046d517]" started-at="2025-07-13T11:21:34 IST" name="Setup" finished-at="2025-07-13T11:21:37 IST" duration-ms="3252" status="PASS">
          <reporter-output>
          </reporter-output>
        </test-method> <!-- Setup -->
        <test-method signature="login(java.lang.String,java.lang.String)[pri:0, instance:com.test.TC_Login_001@1046d517]" started-at="2025-07-13T11:21:37 IST" name="login" data-provider="td" finished-at="2025-07-13T11:21:38 IST" duration-ms="920" status="PASS">
          <params>
            <param index="0">
              <value>
                <![CDATA[]]>
              </value>
            </param>
            <param index="1">
              <value>
                <![CDATA[]]>
              </value>
            </param>
          </params>
          <reporter-output>
          </reporter-output>
        </test-method> <!-- login -->
        <test-method is-config="true" signature="after()[pri:0, instance:com.test.TC_Login_001@1046d517]" started-at="2025-07-13T11:21:38 IST" name="after" finished-at="2025-07-13T11:21:38 IST" duration-ms="75" status="PASS">
          <reporter-output>
          </reporter-output>
        </test-method> <!-- after -->
        <test-method is-config="true" signature="Setup()[pri:0, instance:com.test.TC_Login_001@1046d517]" started-at="2025-07-13T11:21:38 IST" name="Setup" finished-at="2025-07-13T11:21:43 IST" duration-ms="4365" status="PASS">
          <reporter-output>
          </reporter-output>
        </test-method> <!-- Setup -->
        <test-method signature="login(java.lang.String,java.lang.String)[pri:0, instance:com.test.TC_Login_001@1046d517]" started-at="2025-07-13T11:21:43 IST" name="login" data-provider="td" finished-at="2025-07-13T11:21:43 IST" duration-ms="584" status="PASS">
          <params>
            <param index="0">
              <value>
                <![CDATA[]]>
              </value>
            </param>
            <param index="1">
              <value>
                <![CDATA[]]>
              </value>
            </param>
          </params>
          <reporter-output>
          </reporter-output>
        </test-method> <!-- login -->
        <test-method is-config="true" signature="after()[pri:0, instance:com.test.TC_Login_001@1046d517]" started-at="2025-07-13T11:21:43 IST" name="after" finished-at="2025-07-13T11:21:43 IST" duration-ms="78" status="PASS">
          <reporter-output>
          </reporter-output>
        </test-method> <!-- after -->
        <test-method is-config="true" signature="Setup()[pri:0, instance:com.test.TC_Login_001@1046d517]" started-at="2025-07-13T11:21:43 IST" name="Setup" finished-at="2025-07-13T11:21:47 IST" duration-ms="3586" status="PASS">
          <reporter-output>
          </reporter-output>
        </test-method> <!-- Setup -->
        <test-method signature="login(java.lang.String,java.lang.String)[pri:0, instance:com.test.TC_Login_001@1046d517]" started-at="2025-07-13T11:21:47 IST" name="login" data-provider="td" finished-at="2025-07-13T11:21:48 IST" duration-ms="1012" status="PASS">
          <params>
            <param index="0">
              <value>
                <![CDATA[]]>
              </value>
            </param>
            <param index="1">
              <value>
                <![CDATA[]]>
              </value>
            </param>
          </params>
          <reporter-output>
          </reporter-output>
        </test-method> <!-- login -->
        <test-method is-config="true" signature="after()[pri:0, instance:com.test.TC_Login_001@1046d517]" started-at="2025-07-13T11:21:48 IST" name="after" finished-at="2025-07-13T11:21:48 IST" duration-ms="80" status="PASS">
          <reporter-output>
          </reporter-output>
        </test-method> <!-- after -->
      </class> <!-- com.test.TC_Login_001 -->
    </test> <!-- Test -->
  </suite> <!-- Suite -->
</testng-results>
